token	lexeme	lineno	offsett	scopeno
INT	int	1	0
ID	a	1	3	0
SEM	;	1	4
INT	int	3	0
ID	main	3	3	0
LPAREN	(	3	7
RPAREN	)	3	8
LBRACE	{	4	0
INT	int	5	0
ID	a	5	3	1
SEM	;	5	4
CONST	const	6	0
FLOAT	float	6	5
ID	b	6	10	1
ASSIGN	=	6	11
FP	1.28	6	12
SEM	;	6	16
FLOAT	float	7	0
ID	c	7	5	1
LBRACK	[	7	6
NUMBER	2	7	7
RBRACK	]	7	8
LBRACK	[	7	9
NUMBER	3	7	10
RBRACK	]	7	11
SEM	;	7	12
ID	a	8	0	1
ASSIGN	=	8	1
NUMBER	1	8	2
ADD	+	8	3
NUMBER	2	8	4
SEM	;	8	5
IF	if	9	0
LPAREN	(	9	2
ID	a	9	3	1
LE	<=	9	4
NUMBER	5	9	6
RPAREN	)	9	7
RETURN	return	10	0
NUMBER	1	10	6
SEM	;	10	7
RETURN	return	11	0
OCTAL	0	11	6
SEM	;	11	7
RBRACE	}	12	0
